C51 COMPILER V9.60.7.0   COMMON                                                            06/27/2025 11:35:29 PAGE 1   


C51 COMPILER V9.60.7.0, COMPILATION OF MODULE COMMON
OBJECT MODULE PLACED IN ..\Output\common.obj
COMPILER INVOKED BY: D:\APP\Keil_v5\C51\BIN\C51.EXE ..\Emembed\Src\common.c LARGE OPTIMIZE(8,SPEED) BROWSE INCDIR(..\BSP
                    -\Inc;..\Core\Inc;..\Driver;..\Emembed\Inc;..\SYSTEM\Inc) DEBUG OBJECTEXTEND PRINT(.\Listings\common.lst) OBJECT(..\Outpu
                    -t\common.obj)

line level    source

   1          #include "common.h"
   2          
   3          /**
   4           * @brief       一些定时执行的事件   Timer3：10ms
   5           *
   6           * @param   
   7           *
   8           * @return  void
   9          **/
  10          void Tim3_ISR( void ) interrupt 19
  11          {
  12   1      
  13   1          static uint16_t temp_scan_cnt = 0;
  14   1          static uint16_t scan_04_cnt = 0;
  15   1      
  16   1          /* 1, temp 上报 1s/次                             */
  17   1          if( temp.temp_scan_flag == 0 )
  18   1          {
  19   2              temp_scan_cnt++;
  20   2              if( temp_scan_cnt == 100 )
  21   2              {
  22   3                  temp.temp_scan_flag = 1;
  23   3                  temp_scan_cnt = 0;
  24   3              }
  25   2          }
  26   1          if( rs485.scan_04_flag == 0 )
  27   1          {
  28   2              scan_04_cnt++;
  29   2              if( scan_04_cnt == 100 )
  30   2              {
  31   3                  scan_04_cnt = 0;
  32   3                  rs485.scan_04_flag = 1;
  33   3              }
  34   2          }
  35   1      
  36   1          if( qdc_info.EB_statu_flag == 1 )
  37   1          {
  38   2              qdc_info.EB_scan_cnt++;
  39   2              if( qdc_info.EB_scan_cnt == 500 )
  40   2              {
  41   3                  qdc_info.EB_statu_flag = 0;
  42   3              }
  43   2          }
  44   1      }


MODULE INFORMATION:   STATIC OVERLAYABLE
   CODE SIZE        =    142    ----
   CONSTANT SIZE    =   ----    ----
   XDATA SIZE       =      4    ----
   PDATA SIZE       =   ----    ----
   DATA SIZE        =   ----    ----
   IDATA SIZE       =   ----    ----
C51 COMPILER V9.60.7.0   COMMON                                                            06/27/2025 11:35:29 PAGE 2   

   BIT SIZE         =   ----    ----
END OF MODULE INFORMATION.


C51 COMPILATION COMPLETE.  0 WARNING(S),  0 ERROR(S)
