C51 COMPILER V9.60.7.0   EEPROM_CRL                                                        06/27/2025 11:35:29 PAGE 1   


C51 COMPILER V9.60.7.0, COMPILATION OF MODULE EEPROM_CRL
OBJECT MODULE PLACED IN ..\Output\eeprom_crl.obj
COMPILER INVOKED BY: D:\APP\Keil_v5\C51\BIN\C51.EXE ..\BSP\Src\eeprom_crl.c LARGE OPTIMIZE(8,SPEED) BROWSE INCDIR(..\BSP
                    -\Inc;..\Core\Inc;..\Driver;..\Emembed\Inc;..\SYSTEM\Inc) DEBUG OBJECTEXTEND PRINT(.\Listings\eeprom_crl.lst) OBJECT(..\O
                    -utput\eeprom_crl.obj)

line level    source

   1          #include "eeprom_crl.h"
   2          
   3          /**
   4           * @brief       eeprom状态判定，是否写入过
   5           *
   6           * @param   
   7           *
   8           * @return  void
   9          **/
  10          void eeprom_statu_judge( void )
  11          {
  12   1          uint8_t eeprom_statu_flag;
  13   1      
  14   1          eeprom_statu_flag = ISP_Read(EEPROM_STATU_JUDGE);
  15   1      
  16   1          if( eeprom_statu_flag == 0xFF)
  17   1          {
  18   2              qdc_info.power_enable    = 1;
  19   2              qdc_info.led_switch      = 1;
  20   2              qdc_info.fan_level       = 3;
  21   2      
  22   2              qdc_info.cir_level = qdc_info.cir_level_m = 1;
  23   2              qdc_info.cir_start_time = qdc_info.cir_start_time_m = 10;
  24   2              qdc_info.cir_stop_time = qdc_info.cir_stop_time_m  = 20;
  25   2              qdc_info.cir_switch = qdc_info.cir_switch_m = 1;
  26   2      
  27   2              qdc_info.stir_level = qdc_info.stir_level_m = 2;
  28   2              qdc_info.stir_start_time = qdc_info.stir_start_time_m = 15;
  29   2              qdc_info.stir_stop_time = qdc_info.stir_stop_time_m = 25;
  30   2              qdc_info.stir_switch = qdc_info.stir_switch_m = 1;
  31   2      
  32   2              qdc_info.ink_out_time    = 50;
  33   2      
  34   2              qdc_info.F_alarm_temp    = 80;
  35   2              qdc_info.M_alarm_temp    = 80;
  36   2              qdc_info.R_alarm_temp    = 80;
  37   2      
  38   2              eeprom_data_record(); 
  39   2          }
  40   1          eeprom_data_init();    
  41   1      }
  42          
  43          /**
  44           * @brief       eeprom 数据写入
  45           *
  46           * @param   
  47           *
  48           * @return  void
  49          **/
  50          void eeprom_data_record( void )
  51          {
  52   1          ISP_Earse(0x0000);
  53   1      
C51 COMPILER V9.60.7.0   EEPROM_CRL                                                        06/27/2025 11:35:29 PAGE 2   

  54   1          ISP_Write(POWER_ADDR,qdc_info.power_enable);
  55   1          ISP_Write(LED_ADDR,qdc_info.led_switch);
  56   1          ISP_Write(FAN_ADDR,qdc_info.fan_level);
  57   1      
  58   1          ISP_Write(CIR_ADDR1,qdc_info.cir_level);
  59   1          ISP_Write(CIR_ADDR2,qdc_info.cir_start_time);
  60   1          ISP_Write(CIR_ADDR3,qdc_info.cir_stop_time);
  61   1          ISP_Write(CIR_ADDR4,qdc_info.cir_switch);
  62   1      
  63   1          ISP_Write(STIR_ADDR1,qdc_info.stir_level);
  64   1          ISP_Write(STIR_ADDR2,qdc_info.stir_start_time);
  65   1          ISP_Write(STIR_ADDR3,qdc_info.stir_stop_time);
  66   1          ISP_Write(STIR_ADDR4,qdc_info.stir_switch);
  67   1          
  68   1          ISP_Write(INK_OUT_ADDR,qdc_info.ink_out_time);
  69   1      
  70   1          ISP_Write(ALARM_1_ADDR,qdc_info.F_alarm_temp);
  71   1          ISP_Write(ALARM_2_ADDR,qdc_info.M_alarm_temp);
  72   1          ISP_Write(ALARM_3_ADDR,qdc_info.R_alarm_temp);
  73   1      
  74   1          ISP_Write(EEPROM_STATU_JUDGE,0x58);
  75   1      }
  76          
  77          /**
  78           * @brief       eeprom 数据初始化
  79           *
  80           * @param   
  81           *
  82           * @return  void
  83          **/
  84          void eeprom_data_init( void )
  85          {
  86   1          qdc_info.power_enable = ISP_Read(POWER_ADDR);
  87   1          power_ctrl();
  88   1      
  89   1          qdc_info.led_switch = ISP_Read(LED_ADDR);
  90   1          led_ctrl(qdc_info.led_switch);
  91   1      
  92   1          qdc_info.fan_level = ISP_Read(FAN_ADDR);
  93   1          fan_ctrl(qdc_info.fan_level);
  94   1      
  95   1          qdc_info.cir_level = qdc_info.cir_level_m  = ISP_Read(CIR_ADDR1);
  96   1          qdc_info.cir_start_time = qdc_info.cir_start_time_m = ISP_Read(CIR_ADDR2);
  97   1          qdc_info.cir_stop_time = qdc_info.cir_stop_time_m  =ISP_Read(CIR_ADDR3);
  98   1          qdc_info.cir_switch = qdc_info.cir_switch_m = ISP_Read(CIR_ADDR4);
  99   1      
 100   1          qdc_info.stir_level      = qdc_info.stir_level_m = ISP_Read(STIR_ADDR1);
 101   1          qdc_info.stir_start_time = qdc_info.stir_start_time_m = ISP_Read(STIR_ADDR2);
 102   1          qdc_info.stir_stop_time  = qdc_info.stir_stop_time_m = ISP_Read(STIR_ADDR3);
 103   1          qdc_info.stir_switch     = qdc_info.stir_switch_m = ISP_Read(STIR_ADDR4);
 104   1          
 105   1          qdc_info.ink_out_time = ISP_Read(INK_OUT_ADDR);
 106   1      
 107   1          qdc_info.F_alarm_temp = ISP_Read(ALARM_1_ADDR);
 108   1          qdc_info.M_alarm_temp = ISP_Read(ALARM_2_ADDR);
 109   1          qdc_info.R_alarm_temp = ISP_Read(ALARM_3_ADDR);
 110   1      }


MODULE INFORMATION:   STATIC OVERLAYABLE
   CODE SIZE        =    540    ----
   CONSTANT SIZE    =   ----    ----
C51 COMPILER V9.60.7.0   EEPROM_CRL                                                        06/27/2025 11:35:29 PAGE 3   

   XDATA SIZE       =   ----    ----
   PDATA SIZE       =   ----    ----
   DATA SIZE        =   ----    ----
   IDATA SIZE       =   ----    ----
   BIT SIZE         =   ----    ----
END OF MODULE INFORMATION.


C51 COMPILATION COMPLETE.  0 WARNING(S),  0 ERROR(S)
