C51 COMPILER V9.60.7.0   MAIN                                                              06/27/2025 11:35:28 PAGE 1   


C51 COMPILER V9.60.7.0, COMPILATION OF MODULE MAIN
OBJECT MODULE PLACED IN ..\Output\main.obj
COMPILER INVOKED BY: D:\APP\Keil_v5\C51\BIN\C51.EXE ..\Core\Src\main.c LARGE OPTIMIZE(8,SPEED) BROWSE INCDIR(..\BSP\Inc;
                    -..\Core\Inc;..\Driver;..\Emembed\Inc;..\SYSTEM\Inc) DEBUG OBJECTEXTEND PRINT(.\Listings\main.lst) OBJECT(..\Output\main.
                    -obj)

line level    source

   1          #include "main.h"
   2          
   3          void main( void )
   4          {
   5   1          P_SW2 |= 0x80;
   6   1          
   7   1          GPIO_Init();
   8   1      
   9   1          /*  调试使用 printf  */
  10   1          Uart1_Init();
  11   1          Uart1_Send_Statu_Init();    //接收发送初始化
  12   1      
  13   1          /*  温度控制  */
  14   1          ADC_Init();
  15   1      
  16   1          /*  485控制  */
  17   1          Uart4_Init();               //串口4用作485
  18   1          Uart4_Send_Statu_Init();    //接收发送初始化
  19   1      
  20   1          Timer0_Init();              //不定长数据接收
  21   1      
  22   1          /*  PWM控制  */
  23   1          PWM_Init();
  24   1      
  25   1          /*  定时事件  */
  26   1          Timer3_Init();
  27   1      
  28   1      
  29   1          EA = 1;     //中断总开关
  30   1      
  31   1          eeprom_statu_judge();       //EEPROM初始化
  32   1          while (rs485.connect_flag == 0)
  33   1          {
  34   2              send_to_EB_16();
  35   2              Modbus_Event_485();
  36   2              delay_ms(50);
  37   2          }
  38   1          
  39   1          temp.temp_scan_flag = 0;
  40   1          qdc_info.EB_statu_flag = 1;
  41   1          qdc_info.EB_scan_cnt = 0;
  42   1          delay_ms(20);
  43   1          //printf("========== code start ========== \r\n");
  44   1      
  45   1          while (1)
  46   1          {
  47   2              Modbus_Event_485();
  48   2              Modbus_Event_Sata();
  49   2              temp_scan();
  50   2              if( rs485.scan_04_flag == 1 )
  51   2              {
  52   3                  send_to_EB_04();
  53   3                  rs485.scan_04_flag = 0;
C51 COMPILER V9.60.7.0   MAIN                                                              06/27/2025 11:35:28 PAGE 2   

  54   3              }
  55   2              
  56   2          }  
  57   1      }


MODULE INFORMATION:   STATIC OVERLAYABLE
   CODE SIZE        =    103    ----
   CONSTANT SIZE    =   ----    ----
   XDATA SIZE       =   ----    ----
   PDATA SIZE       =   ----    ----
   DATA SIZE        =   ----    ----
   IDATA SIZE       =   ----    ----
   BIT SIZE         =   ----    ----
END OF MODULE INFORMATION.


C51 COMPILATION COMPLETE.  0 WARNING(S),  0 ERROR(S)
