C51 COMPILER V9.60.7.0   NTC                                                               06/27/2025 11:35:29 PAGE 1   


C51 COMPILER V9.60.7.0, COMPILATION OF MODULE NTC
OBJECT MODULE PLACED IN ..\Output\ntc.obj
COMPILER INVOKED BY: D:\APP\Keil_v5\C51\BIN\C51.EXE ..\BSP\Src\ntc.c LARGE OPTIMIZE(8,SPEED) BROWSE INCDIR(..\BSP\Inc;..
                    -\Core\Inc;..\Driver;..\Emembed\Inc;..\SYSTEM\Inc) DEBUG OBJECTEXTEND PRINT(.\Listings\ntc.lst) OBJECT(..\Output\ntc.obj)

line level    source

   1          #include "ntc.h"
   2          #include "MATH.H"
   3          
   4          #define NTCTabNum 126
   5          
   6          TEMP temp;
   7          
   8          static uint16_t MF52E_tab[NTCTabNum] = 
   9          {
  10              981,/*0*/           1018,/*1*/      1056,/*2*/      1094,/*3*/      1133,/*4*/    
  11              1173,/*5*/          1214,/*6*/      1255,/*7*/      1296,/*8*/      1338,/*9*/    
  12              1381,/*10*/         1424,/*11*/     1467,/*12*/     1511,/*13*/     1555,/*14*/    
  13              1599,/*15*/         1644,/*16*/     1689,/*17*/     1734,/*18*/     1779,/*19*/    
  14              1824,/*20*/         1869,/*21*/     1914,/*22*/     1959,/*23*/     2004,/*24*/    
  15              2048,/*25*/         2093,/*26*/     2137,/*27*/     2181,/*28*/     2225,/*29*/    
  16              2268,/*30*/         2311,/*31*/     2353,/*32*/     2395,/*33*/     2436,/*34*/    
  17              2477,/*35*/         2518,/*36*/     2557,/*37*/     2596,/*38*/     2635,/*39*/    
  18              2673,/*40*/         2710,/*41*/     2747,/*42*/     2782,/*43*/     2818,/*44*/    
  19              2852,/*45*/         2886,/*46*/     2919,/*47*/     2951,/*48*/     2983,/*49*/    
  20              3014,/*50*/         3044,/*51*/     3074,/*52*/     3102,/*53*/     3130,/*54*/    
  21              3158,/*55*/         3184,/*56*/     3210,/*57*/     3236,/*58*/     3260,/*59*/    
  22              3284,/*60*/         3308,/*61*/     3330,/*62*/     3353,/*63*/     3374,/*64*/    
  23              3395,/*65*/         3415,/*66*/     3435,/*67*/     3454,/*68*/     3472,/*69*/    
  24              3490,/*70*/         3508,/*71*/     3525,/*72*/     3541,/*73*/     3557,/*74*/    
  25              3573,/*75*/         3588,/*76*/     3602,/*77*/     3616,/*78*/     3630,/*79*/    
  26              3643,/*80*/         3656,/*81*/     3669,/*82*/     3681,/*83*/     3693,/*84*/    
  27              3704,/*85*/         3715,/*86*/     3725,/*87*/     3735,/*88*/     3745,/*89*/    
  28              3755,/*90*/         3764,/*91*/     3773,/*92*/     3782,/*93*/     3791,/*94*/    
  29              3799,/*95*/         3807,/*96*/     3815,/*97*/     3823,/*98*/     3830,/*99*/    
  30              3837,/*100*/    3844,/*101*/    3851,/*102*/    3857,/*103*/    3863,/*104*/    
  31              3869,/*105*/    3875,/*106*/    3881,/*107*/    3887,/*108*/    3893,/*109*/    
  32              3898,/*110*/    3903,/*111*/    3908,/*112*/    3913,/*113*/    3918,/*114*/    
  33              3923,/*115*/    3928,/*116*/    3932,/*117*/    3936,/*118*/    3941,/*119*/    
  34              3945,/*120*/    3949,/*121*/    3953,/*122*/    3956,/*123*/    3960,/*124*/    
  35              3964 /*125*/                                                                                                                                              
  36          };      
  37          
  38          /**
  39           * @brief 查表 找到adc_val对应的temp
  40           *
  41           * @param[in] temp_tab 对照表
  42           * @param[in] tab_num 表元素个数
  43           * @param[in] adc_val adc_val
  44           * 
  45           * @return  temp
  46           * 
  47          **/
  48          static uint16_t LookupTable( uint16_t *temp_tab, uint8_t tab_num, uint16_t adc_val )
  49          {
  50   1          uint8_t     i;
  51   1          uint16_t temp_val = 0;
  52   1      
  53   1          for( i = 0; i < (tab_num-1); i++ )
  54   1          {
C51 COMPILER V9.60.7.0   NTC                                                               06/27/2025 11:35:29 PAGE 2   

  55   2              if(( adc_val >= temp_tab[i] ) && ( adc_val < temp_tab[i+1]) )
  56   2              {
  57   3                  temp_val = i;       
  58   3              }
  59   2              if( adc_val > 3964 )
  60   2              {
  61   3                  temp_val = 125;
  62   3              }
  63   2          }
  64   1          return temp_val;
  65   1      }
  66          
  67          /**
  68           * @brief 取10次adc_val均值对应的temp
  69           *
  70           * @param[in] channle_x ntc通道1~4
  71           * 
  72           * @return  temp :最终温度
  73           * 
  74          **/
  75          uint16_t get_temp( uint8_t channle_x )
  76          {
  77   1          uint8_t t;
  78   1          uint16_t adc_val = 0;
  79   1          uint16_t temp_val;
  80   1      
  81   1          /* 1, 取10次adc_val                           */
  82   1          for( t = 0; t < 10; t++ )
  83   1                      {
  84   2                              adc_val += Get_ADC_12bit(channle_x);
  85   2                  
  86   2                      }              
  87   1          adc_val = adc_val/10;
  88   1          
  89   1          temp_val = LookupTable( MF52E_tab, NTCTabNum, adc_val );
  90   1      
  91   1          return temp_val;
  92   1      }


MODULE INFORMATION:   STATIC OVERLAYABLE
   CODE SIZE        =    261    ----
   CONSTANT SIZE    =   ----    ----
   XDATA SIZE       =    259      13
   PDATA SIZE       =   ----    ----
   DATA SIZE        =   ----    ----
   IDATA SIZE       =   ----    ----
   BIT SIZE         =   ----    ----
END OF MODULE INFORMATION.


C51 COMPILATION COMPLETE.  0 WARNING(S),  0 ERROR(S)
