C51 COMPILER V9.60.7.0   LEVEL                                                             06/27/2025 11:39:28 PAGE 1   


C51 COMPILER V9.60.7.0, COMPILATION OF MODULE LEVEL
OBJECT MODULE PLACED IN ..\Output\level.obj
COMPILER INVOKED BY: D:\APP\Keil_v5\C51\BIN\C51.EXE ..\BSP\Src\level.c LARGE OPTIMIZE(8,SPEED) BROWSE INCDIR(..\BSP\Inc;
                    -..\Core\Inc;..\Driver;..\Emembed\Inc;..\SYSTEM\Inc) DEBUG OBJECTEXTEND PRINT(.\Listings\level.lst) OBJECT(..\Output\leve
                    -l.obj)

line level    source

   1          #include "level.h"
   2          
   3          LEVEL level;
   4          
   5          void level_info_init( void )
   6          {
   7   1          level.level17_info_L   = 0;                //DATA_H
   8   1          level.level17_info_H   = 0;                //DATA_L        
   9   1          level.level814_info_L  = 0;                //DATA_H
  10   1          level.level814_info_H  = 0;                //DATA_L        
  11   1          level.level_delay      = 2000;
  12   1          level.level1_down_flag = 0;
  13   1          level.level2_down_flag = 0;
  14   1          level.level3_down_flag = 0;
  15   1          level.level4_down_flag = 0;
  16   1          level.level5_down_flag = 0;
  17   1          level.level6_down_flag = 0;
  18   1          level.level7_down_flag = 0;
  19   1          level.level8_down_flag = 0;
  20   1          level.level9_down_flag = 0;
  21   1          level.level10_down_flag = 0;
  22   1          level.level11_down_flag = 0;
  23   1          level.level12_down_flag = 0;
  24   1          level.level13_down_flag = 0;
  25   1          level.level14_down_flag = 0;
  26   1      }
  27          
  28          void ink_scan( void )
  29          {
  30   1          /*  LEVEL    1   */
  31   1          if( level1_H == 1 )
  32   1          {
  33   2              level.level17_info_L &= 0xFC;
  34   2              level.level17_info_L |= 0X03;
  35   2          }
  36   1          if(( level1_H == 0 ) && ( level.level1_down_flag == 0 ))
  37   1          {
  38   2              level.level17_info_L &= 0xFC;
  39   2              level.level17_info_L |= 0X02;
  40   2          }
  41   1          if(( level1_H == 0 ) && ( level.level1_down_flag == 1 ))
  42   1          {
  43   2              level.level17_info_L &= 0xFC;
  44   2              level.level17_info_L |= 0X01;
  45   2          }
  46   1      
  47   1          /*  LEVEL    2   */
  48   1          if( level2_H == 1 )
  49   1          {
  50   2              level.level17_info_L &= 0xF3;
  51   2              level.level17_info_L |= 0X0C;
  52   2          }
  53   1          if(( level2_H == 0 ) && ( level.level2_down_flag == 0 ))
C51 COMPILER V9.60.7.0   LEVEL                                                             06/27/2025 11:39:28 PAGE 2   

  54   1          {
  55   2              level.level17_info_L &= 0xF3;
  56   2              level.level17_info_L |= 0X08;
  57   2          }
  58   1          if(( level2_H == 0 ) && ( level.level2_down_flag == 1 ))
  59   1          {
  60   2              level.level17_info_L &= 0xF3;
  61   2              level.level17_info_L |= 0X04;
  62   2          }
  63   1          
  64   1          /*  LEVEL    3   */
  65   1          if( level3_H == 1 )
  66   1          {
  67   2              level.level17_info_L &= 0xCF;
  68   2              level.level17_info_L |= 0X30;
  69   2          }
  70   1          if(( level3_H == 0 ) && ( level.level3_down_flag == 0 ))
  71   1          {
  72   2              level.level17_info_L &= 0xCF;
  73   2              level.level17_info_L |= 0X20;
  74   2          }
  75   1          if(( level3_H == 0 ) && ( level.level3_down_flag == 1 ))
  76   1          {
  77   2              level.level17_info_L &= 0xCF;
  78   2              level.level17_info_L |= 0X10;
  79   2          }
  80   1          
  81   1          /*  LEVEL    4   */
  82   1          if( level4_H == 1 )
  83   1          {
  84   2              level.level17_info_L &= 0x3F;
  85   2              level.level17_info_L |= 0XC0;
  86   2          }
  87   1          if(( level4_H == 0 ) && ( level.level4_down_flag == 0 ))
  88   1          {
  89   2              level.level17_info_L &= 0x3F;
  90   2              level.level17_info_L |= 0X80;
  91   2          }
  92   1          if(( level4_H == 0 ) && ( level.level4_down_flag == 1 ))
  93   1          {
  94   2              level.level17_info_L &= 0x3F;
  95   2              level.level17_info_L |= 0X40;
  96   2          }
  97   1          
  98   1          /*  LEVEL    5   */
  99   1          if( level5_H == 1 )
 100   1          {
 101   2              level.level17_info_H &= 0xFC;
 102   2              level.level17_info_H |= 0X03;
 103   2          }
 104   1          if(( level5_H == 0 ) && ( level.level5_down_flag == 0 ))
 105   1          {
 106   2              level.level17_info_H &= 0xFC;
 107   2              level.level17_info_H |= 0X02;
 108   2          }
 109   1          if(( level5_H == 0 ) && ( level.level5_down_flag == 1 ))
 110   1          {
 111   2              level.level17_info_H &= 0xFC;
 112   2              level.level17_info_H |= 0X01;
 113   2          }
 114   1          
 115   1          /*  LEVEL    6   */
C51 COMPILER V9.60.7.0   LEVEL                                                             06/27/2025 11:39:28 PAGE 3   

 116   1          if( level6_H == 1 )
 117   1          {
 118   2              level.level17_info_H &= 0xF3;
 119   2              level.level17_info_H |= 0X0C;
 120   2          }
 121   1          if(( level6_H == 0 ) && ( level.level6_down_flag == 0 ))
 122   1          {
 123   2              level.level17_info_H &= 0xF3;
 124   2              level.level17_info_H |= 0X08;
 125   2          }
 126   1          if(( level6_H == 0 ) && ( level.level6_down_flag == 1 ))
 127   1          {
 128   2              level.level17_info_H &= 0xF3;
 129   2              level.level17_info_H |= 0X04;
 130   2          }
 131   1          
 132   1          /*  LEVEL    7   */
 133   1          if( level7_H == 1 )
 134   1          {
 135   2              level.level17_info_H &= 0xCF;
 136   2              level.level17_info_H |= 0X30;
 137   2          }
 138   1          if(( level7_H == 0 ) && ( level.level7_down_flag == 0 ))
 139   1          {
 140   2              level.level17_info_H &= 0xCF;
 141   2              level.level17_info_H |= 0X20;
 142   2          }
 143   1          if(( level7_H == 0 ) && ( level.level7_down_flag == 1 ))
 144   1          {
 145   2              level.level17_info_H &= 0xCF;
 146   2              level.level17_info_H |= 0X10;
 147   2          }
 148   1      
 149   1          /*  LEVEL    8   */
 150   1          if( level8_H == 1 )
 151   1          {
 152   2              level.level814_info_L &= 0xFC;
 153   2              level.level814_info_L |= 0X03;
 154   2          }
 155   1          if(( level8_H == 0 ) && ( level.level8_down_flag == 0 ))
 156   1          {
 157   2              level.level814_info_L &= 0xFC;
 158   2              level.level814_info_L |= 0X02;
 159   2          }
 160   1          if(( level8_H == 0 ) && ( level.level8_down_flag == 1 ))
 161   1          {
 162   2              level.level814_info_L &= 0xFC;
 163   2              level.level814_info_L |= 0X01;
 164   2          }
 165   1      
 166   1          /*  LEVEL    9   */
 167   1          if( level9_H == 1 )
 168   1          {
 169   2              level.level814_info_L &= 0xF3;
 170   2              level.level814_info_L |= 0X0C;
 171   2          }
 172   1          if(( level9_H == 0 ) && ( level.level9_down_flag == 0 ))
 173   1          {
 174   2              level.level814_info_L &= 0xF3;
 175   2              level.level814_info_L |= 0X08;
 176   2          }
 177   1          if(( level9_H == 0 ) && ( level.level9_down_flag == 1 ))
C51 COMPILER V9.60.7.0   LEVEL                                                             06/27/2025 11:39:28 PAGE 4   

 178   1          {
 179   2              level.level814_info_L &= 0xF3;
 180   2              level.level814_info_L |= 0X04;
 181   2          }
 182   1          
 183   1          /*  LEVEL    10   */
 184   1          if( level10_H == 1 )
 185   1          {
 186   2              level.level814_info_L &= 0xCF;
 187   2              level.level814_info_L |= 0X30;
 188   2          }
 189   1          if(( level10_H == 0 ) && ( level.level10_down_flag == 0 ))
 190   1          {
 191   2              level.level814_info_L &= 0xCF;
 192   2              level.level814_info_L |= 0X20;
 193   2          }
 194   1          if(( level10_H == 0 ) && ( level.level10_down_flag == 1 ))
 195   1          {
 196   2              level.level814_info_L &= 0xCF;
 197   2              level.level814_info_L |= 0X10;
 198   2          }
 199   1          
 200   1          /*  LEVEL    11   */
 201   1          if( level11_H == 1 )
 202   1          {
 203   2              level.level814_info_L &= 0x3F;
 204   2              level.level814_info_L |= 0XC0;
 205   2          }
 206   1          if(( level11_H == 0 ) && ( level.level11_down_flag == 0 ))
 207   1          {
 208   2              level.level814_info_L &= 0x3F;
 209   2              level.level814_info_L |= 0X80;
 210   2          }
 211   1          if(( level11_H == 0 ) && ( level.level11_down_flag == 1 ))
 212   1          {
 213   2              level.level814_info_L &= 0x3F;
 214   2              level.level814_info_L |= 0X40;
 215   2          }
 216   1          
 217   1          /*  LEVEL    12   */
 218   1          if( level12_H == 1 )
 219   1          {
 220   2              level.level814_info_H &= 0xFC;
 221   2              level.level814_info_H |= 0X03;
 222   2          }
 223   1          if(( level12_H == 0 ) && ( level.level12_down_flag == 0 ))
 224   1          {
 225   2              level.level814_info_H &= 0xFC;
 226   2              level.level814_info_H |= 0X02;
 227   2          }
 228   1          if(( level12_H == 0 ) && ( level.level12_down_flag == 1 ))
 229   1          {
 230   2              level.level814_info_H &= 0xFC;
 231   2              level.level814_info_H |= 0X01;
 232   2          }
 233   1          
 234   1          /*  LEVEL    13   */
 235   1          if( level13_H == 1 )
 236   1          {
 237   2              level.level814_info_H &= 0xF3;
 238   2              level.level814_info_H |= 0X0C;
 239   2          }
C51 COMPILER V9.60.7.0   LEVEL                                                             06/27/2025 11:39:28 PAGE 5   

 240   1          if(( level13_H == 0 ) && ( level.level13_down_flag == 0 ))
 241   1          {
 242   2              level.level814_info_H &= 0xF3;
 243   2              level.level814_info_H |= 0X08;
 244   2          }
 245   1          if(( level13_H == 0 ) && ( level.level13_down_flag == 1 ))
 246   1          {
 247   2              level.level814_info_H &= 0xF3;
 248   2              level.level814_info_H |= 0X04;
 249   2          }
 250   1          
 251   1          /*  LEVEL    14   */
 252   1          if( level14_H == 1 )
 253   1          {
 254   2              level.level814_info_H &= 0xCF;
 255   2              level.level814_info_H |= 0X30;
 256   2          }
 257   1          if(( level14_H == 0 ) && ( level.level14_down_flag == 0 ))
 258   1          {
 259   2              level.level814_info_H &= 0xCF;
 260   2              level.level814_info_H |= 0X20;
 261   2          }
 262   1          if(( level14_H == 0 ) && ( level.level14_down_flag == 1 ))
 263   1          {
 264   2              level.level814_info_H &= 0xCF;
 265   2              level.level814_info_H |= 0X10;
 266   2          }
 267   1      
 268   1      }


MODULE INFORMATION:   STATIC OVERLAYABLE
   CODE SIZE        =    778    ----
   CONSTANT SIZE    =   ----    ----
   XDATA SIZE       =     20    ----
   PDATA SIZE       =   ----    ----
   DATA SIZE        =   ----    ----
   IDATA SIZE       =   ----    ----
   BIT SIZE         =   ----    ----
END OF MODULE INFORMATION.


C51 COMPILATION COMPLETE.  0 WARNING(S),  0 ERROR(S)
