C51 COMPILER V9.60.7.0   POWER_CRL                                                         06/27/2025 11:39:28 PAGE 1   


C51 COMPILER V9.60.7.0, COMPILATION OF MODULE POWER_CRL
OBJECT MODULE PLACED IN ..\Output\power_crl.obj
COMPILER INVOKED BY: D:\APP\Keil_v5\C51\BIN\C51.EXE ..\BSP\Src\power_crl.c LARGE OPTIMIZE(8,SPEED) BROWSE INCDIR(..\BSP\
                    -Inc;..\Core\Inc;..\Driver;..\Emembed\Inc;..\SYSTEM\Inc) DEBUG OBJECTEXTEND PRINT(.\Listings\power_crl.lst) OBJECT(..\Out
                    -put\power_crl.obj)

line level    source

   1          #include "power_crl.h"
   2          
   3          DC_CTRL dc_ctrl;
   4          
   5          /**
   6           * @brief       24V PWM风扇档位控制函数
   7           *
   8           * @param   level :风扇档位 0~6档
   9           *
  10           * @return  void
  11          **/
  12          void pwm_ctrl( uint8_t device, uint8_t level )
  13          {
  14   1          if( device  == CIR_CTRL )
  15   1          {
  16   2              PWMB_CCR7= 1104 - level * 184;
  17   2          }
  18   1          if( device == STIR_CTRL )
  19   1          {
  20   2              PWMB_CCR8= 1104 - level * 184;
  21   2          }
  22   1      }
  23          
  24          void output_statu_init( void )
  25          {
  26   1          DC24_1 = DC24_2 = DC24_3 = 0;
  27   1          DC_PWM1 = DC_PWM2  = 1;
  28   1          dc_ctrl.cir_level  = 0;
  29   1          dc_ctrl.stir_level = 0;
  30   1      }
  31          /**
  32           * @brief 温度扫描，DHT11温湿度扫描 1s/次 控制220V输出使能
  33           *
  34           * @param[in] 
  35           * 
  36           * @return  
  37           * 
  38          **/
  39          void dht11_scan( void )
  40          {
  41   1          if( dht11.temp_scan_flag == 1)
  42   1          {
  43   2              Read_DHT11();
  44   2              
  45   2              dht11.temp_scan_flag = 0;
  46   2          }
  47   1      }
  48          


MODULE INFORMATION:   STATIC OVERLAYABLE
   CODE SIZE        =     89    ----
   CONSTANT SIZE    =   ----    ----
C51 COMPILER V9.60.7.0   POWER_CRL                                                         06/27/2025 11:39:28 PAGE 2   

   XDATA SIZE       =     12    ----
   PDATA SIZE       =   ----    ----
   DATA SIZE        =   ----    ----
   IDATA SIZE       =   ----    ----
   BIT SIZE         =   ----    ----
END OF MODULE INFORMATION.


C51 COMPILATION COMPLETE.  0 WARNING(S),  0 ERROR(S)
