C51 COMPILER V9.60.7.0   EEPROM_CRL                                                        06/27/2025 11:30:20 PAGE 1   


C51 COMPILER V9.60.7.0, COMPILATION OF MODULE EEPROM_CRL
OBJECT MODULE PLACED IN ..\Output\eeprom_crl.obj
COMPILER INVOKED BY: D:\APP\Keil_v5\C51\BIN\C51.EXE ..\BSP\Src\eeprom_crl.c LARGE OPTIMIZE(8,SPEED) BROWSE INCDIR(..\BSP
                    -\Inc;..\Core\Inc;..\Driver;..\Emembed\Inc;..\SYSTEM\Inc) DEBUG OBJECTEXTEND PRINT(.\Listings\eeprom_crl.lst) OBJECT(..\O
                    -utput\eeprom_crl.obj)

line level    source

   1          #include "eeprom_crl.h"
   2          
   3          EEPROM_INFO eeprom;
   4          
   5          /**
   6           * @brief       eeprom状态判定，是否写入过
   7           *
   8           * @param   
   9           *
  10           * @return  void
  11          **/
  12          void eeprom_statu_judge( void )
  13          {
  14   1          uint8_t eeprom_statu_flag;
  15   1      
  16   1          eeprom_statu_flag = ISP_Read(EEPROM_STATU_JUDGE);
  17   1      
  18   1          if( eeprom_statu_flag == 0xFF)
  19   1          {
  20   2              qdc_info.roller_enable   = 1;
  21   2              qdc_info.roller_temp     = 40;
  22   2              qdc_info.led_switch      = 1;
  23   2              qdc_info.fan_level       = 3;
  24   2              qdc_info.board_switch    = 1;
  25   2              qdc_info.board_temp      = 40;
  26   2              qdc_info.inksac_switch   = 1;
  27   2      
  28   2              qdc_info.cir_level      = 1;
  29   2              qdc_info.cir_start_time  = 10;
  30   2              qdc_info.cir_stop_time   = 20;
  31   2              qdc_info.cir_switch      = 1;
  32   2      
  33   2              qdc_info.stir_level     = 2;
  34   2              qdc_info.stir_start_time = 15;
  35   2              qdc_info.stir_stop_time  = 25;
  36   2              qdc_info.stir_switch     = 1;
  37   2      
  38   2              qdc_info.ink_out_time    = 50;
  39   2      
  40   2              qdc_info.ink7_dis         = 1;
  41   2      
  42   2              eeprom_data_record(); 
  43   2          }
  44   1          eeprom_data_init();    
  45   1      }
  46          
  47          /**
  48           * @brief       eeprom 数据写入
  49           *
  50           * @param   
  51           *
  52           * @return  void
  53          **/
C51 COMPILER V9.60.7.0   EEPROM_CRL                                                        06/27/2025 11:30:20 PAGE 2   

  54          void eeprom_data_record( void )
  55          {
  56   1          ISP_Earse(0x0000);
  57   1      
  58   1          ISP_Write(ROLLER_ADDR1,qdc_info.roller_enable);
  59   1          ISP_Write(ROLLER_ADDR2,qdc_info.roller_temp);
  60   1          ISP_Write(LED_ADDR,qdc_info.led_switch);
  61   1          ISP_Write(FAN_ADDR,qdc_info.fan_level);
  62   1          ISP_Write(BOARD_ADDR1,qdc_info.board_switch);
  63   1          ISP_Write(BOARD_ADDR2,qdc_info.board_temp);
  64   1          ISP_Write(INKSAC_ADDR,qdc_info.inksac_switch);
  65   1      
  66   1          ISP_Write(CIR_ADDR1,qdc_info.cir_level);
  67   1          ISP_Write(CIR_ADDR2,qdc_info.cir_start_time);
  68   1          ISP_Write(CIR_ADDR3,qdc_info.cir_stop_time);
  69   1          ISP_Write(CIR_ADDR4,qdc_info.cir_switch);
  70   1      
  71   1          ISP_Write(STIR_ADDR1,qdc_info.stir_level);
  72   1          ISP_Write(STIR_ADDR2,qdc_info.stir_start_time);
  73   1          ISP_Write(STIR_ADDR3,qdc_info.stir_stop_time);
  74   1          ISP_Write(STIR_ADDR4,qdc_info.stir_switch);
  75   1          
  76   1          ISP_Write(INK_OUT_ADDR,qdc_info.ink_out_time);
  77   1      
  78   1          ISP_Write(INK_DIS,qdc_info.ink7_dis);
  79   1      
  80   1          ISP_Write(EEPROM_STATU_JUDGE,0x58);
  81   1      }
  82          
  83          /**
  84           * @brief       eeprom 数据初始化
  85           *
  86           * @param   
  87           *
  88           * @return  void
  89          **/
  90          void eeprom_data_init( void )
  91          {
  92   1          qdc_info.roller_enable = ISP_Read(ROLLER_ADDR1);
  93   1          qdc_info.roller_temp = ISP_Read(ROLLER_ADDR2);
  94   1      
  95   1          rubber_roller_ctrl();
  96   1      
  97   1          qdc_info.led_switch = ISP_Read(LED_ADDR);
  98   1          led_ctrl(qdc_info.led_switch);
  99   1      
 100   1          qdc_info.fan_level = ISP_Read(FAN_ADDR);
 101   1          fan_ctrl(qdc_info.fan_level);
 102   1      
 103   1          qdc_info.board_switch = ISP_Read(BOARD_ADDR1);
 104   1          qdc_info.board_temp   = ISP_Read(BOARD_ADDR2);
 105   1      
 106   1          qdc_info.inksac_switch = ISP_Read(INKSAC_ADDR);
 107   1      
 108   1          qdc_info.cir_level = ISP_Read(CIR_ADDR1);
 109   1          qdc_info.cir_start_time = ISP_Read(CIR_ADDR2);
 110   1          qdc_info.cir_stop_time = ISP_Read(CIR_ADDR3);
 111   1          qdc_info.cir_switch = ISP_Read(CIR_ADDR4);
 112   1      
 113   1          qdc_info.stir_level = ISP_Read(STIR_ADDR1);
 114   1          qdc_info.stir_start_time = ISP_Read(STIR_ADDR2);
 115   1          qdc_info.stir_stop_time = ISP_Read(STIR_ADDR3);
C51 COMPILER V9.60.7.0   EEPROM_CRL                                                        06/27/2025 11:30:20 PAGE 3   

 116   1          qdc_info.stir_switch = ISP_Read(STIR_ADDR4);
 117   1          
 118   1          qdc_info.ink_out_time = ISP_Read(INK_OUT_ADDR);
 119   1      
 120   1          qdc_info.ink7_dis = ISP_Read(INK_DIS);
 121   1      }


MODULE INFORMATION:   STATIC OVERLAYABLE
   CODE SIZE        =    514    ----
   CONSTANT SIZE    =   ----    ----
   XDATA SIZE       =     10    ----
   PDATA SIZE       =   ----    ----
   DATA SIZE        =   ----    ----
   IDATA SIZE       =   ----    ----
   BIT SIZE         =   ----    ----
END OF MODULE INFORMATION.


C51 COMPILATION COMPLETE.  0 WARNING(S),  0 ERROR(S)
