C51 COMPILER V9.60.7.0   POWER_CRL                                                         06/27/2025 11:30:20 PAGE 1   


C51 COMPILER V9.60.7.0, COMPILATION OF MODULE POWER_CRL
OBJECT MODULE PLACED IN ..\Output\power_crl.obj
COMPILER INVOKED BY: D:\APP\Keil_v5\C51\BIN\C51.EXE ..\BSP\Src\power_crl.c LARGE OPTIMIZE(8,SPEED) BROWSE INCDIR(..\BSP\
                    -Inc;..\Core\Inc;..\Driver;..\Emembed\Inc;..\SYSTEM\Inc) DEBUG OBJECTEXTEND PRINT(.\Listings\power_crl.lst) OBJECT(..\Out
                    -put\power_crl.obj)

line level    source

   1          #include "power_crl.h"
   2          
   3          AC_DC ac_dc;
   4          
   5          /**
   6           * @brief       24V LED开关控制函数
   7           *
   8           * @param   on_off：0：关闭 1：开启
   9           *
  10           * @return  void
  11          **/
  12          void led_ctrl( uint8_t on_off )
  13          {
  14   1          if( on_off == FAN_ON )
  15   1          {
  16   2              LED = 0;
  17   2          }else
  18   1          {
  19   2              LED = 1;
  20   2          }
  21   1      }
  22          
  23          /**
  24           * @brief       24V PWM风扇档位控制函数
  25           *
  26           * @param   level :风扇档位 0~6档
  27           *
  28           * @return  void
  29          **/
  30          void fan_ctrl( uint8_t level )
  31          {
  32   1          PWMB_CCR7= level * 184;
  33   1      }
  34          
  35          void rubber_roller_ctrl()
  36          {
  37   1          if( qdc_info.roller_enable == 1 )
  38   1          {
  39   2              if( qdc_info.thermopile_temp < qdc_info.roller_temp )  
  40   2              {
  41   3                  AC_Out1 = 0; 
  42   3              }else
  43   2              {
  44   3                  AC_Out1 = 1;
  45   3              }
  46   2          }else
  47   1          {
  48   2              AC_Out1 = 1;
  49   2          }
  50   1      }
  51          /**
  52           * @brief 温度扫描，DHT11温湿度扫描 1s/次 控制220V输出使能
  53           *
C51 COMPILER V9.60.7.0   POWER_CRL                                                         06/27/2025 11:30:20 PAGE 2   

  54           * @param[in] 
  55           * 
  56           * @return  
  57           * 
  58          **/
  59          void temp_scan( void )
  60          {
  61   1          if( temp.temp_scan_flag == 1)
  62   1          {
  63   2      
  64   2              qdc_info.thermopile_temp = get_temp(THERMOPILE);
  65   2              
  66   2              rubber_roller_ctrl();
  67   2              
  68   2              temp.temp_scan_flag = 0;
  69   2          }
  70   1      }


MODULE INFORMATION:   STATIC OVERLAYABLE
   CODE SIZE        =     79    ----
   CONSTANT SIZE    =   ----    ----
   XDATA SIZE       =      1    ----
   PDATA SIZE       =   ----    ----
   DATA SIZE        =   ----    ----
   IDATA SIZE       =   ----    ----
   BIT SIZE         =   ----    ----
END OF MODULE INFORMATION.


C51 COMPILATION COMPLETE.  0 WARNING(S),  0 ERROR(S)
