C51 COMPILER V9.60.7.0   LEVEL                                                             06/27/2025 11:26:42 PAGE 1   


C51 COMPILER V9.60.7.0, COMPILATION OF MODULE LEVEL
OBJECT MODULE PLACED IN ..\Output\level.obj
COMPILER INVOKED BY: D:\APP\Keil_v5\C51\BIN\C51.EXE ..\BSP\Src\level.c LARGE OPTIMIZE(8,SPEED) BROWSE INCDIR(..\BSP\Inc;
                    -..\Core\Inc;..\Driver;..\Emembed\Inc;..\SYSTEM\Inc) DEBUG OBJECTEXTEND PRINT(.\Listings\level.lst) OBJECT(..\Output\leve
                    -l.obj)

line level    source

   1          #include "level.h"
   2          
   3          LEVEL level;
   4          
   5          void level_info_init( void )
   6          {
   7   1          level.level_info_L = 0;                //DATA_H
   8   1          level.level_info_H = 0;                //DATA_L             
   9   1          level.level_delay = 2000;
  10   1          level.level1_down_flag = 0;
  11   1          level.level2_down_flag = 0;
  12   1          level.level3_down_flag = 0;
  13   1          level.level4_down_flag = 0;
  14   1          level.level5_down_flag = 0;
  15   1          level.level6_down_flag = 0;
  16   1          level.level7_down_flag = 0;
  17   1      }
  18          void ink_scan( void )
  19          {
  20   1          /*  LEVEL    1   */
  21   1          if( level1_H == 1 )
  22   1          {
  23   2              level.level_info_L &= 0xFC;
  24   2              level.level_info_L |= 0X03;
  25   2          }
  26   1          if(( level1_H == 0 ) && ( level.level1_down_flag == 0 ))
  27   1          {
  28   2              level.level_info_L &= 0xFC;
  29   2              level.level_info_L |= 0X02;
  30   2          }
  31   1          if(( level1_H == 0 ) && ( level.level1_down_flag == 1 ))
  32   1          {
  33   2              level.level_info_L &= 0xFC;
  34   2              level.level_info_L |= 0X01;
  35   2          }
  36   1      
  37   1          /*  LEVEL    2   */
  38   1          if( level2_H == 1 )
  39   1          {
  40   2              level.level_info_L &= 0xF3;
  41   2              level.level_info_L |= 0X0C;
  42   2          }
  43   1          if(( level2_H == 0 ) && ( level.level2_down_flag == 0 ))
  44   1          {
  45   2              level.level_info_L &= 0xF3;
  46   2              level.level_info_L |= 0X08;
  47   2          }
  48   1          if(( level2_H == 0 ) && ( level.level2_down_flag == 1 ))
  49   1          {
  50   2              level.level_info_L &= 0xF3;
  51   2              level.level_info_L |= 0X04;
  52   2          }
  53   1          
C51 COMPILER V9.60.7.0   LEVEL                                                             06/27/2025 11:26:42 PAGE 2   

  54   1          /*  LEVEL    3   */
  55   1          if( level3_H == 1 )
  56   1          {
  57   2              level.level_info_L &= 0xCF;
  58   2              level.level_info_L |= 0X30;
  59   2          }
  60   1          if(( level3_H == 0 ) && ( level.level3_down_flag == 0 ))
  61   1          {
  62   2              level.level_info_L &= 0xCF;
  63   2              level.level_info_L |= 0X20;
  64   2          }
  65   1          if(( level3_H == 0 ) && ( level.level3_down_flag == 1 ))
  66   1          {
  67   2              level.level_info_L &= 0xCF;
  68   2              level.level_info_L |= 0X10;
  69   2          }
  70   1          
  71   1          /*  LEVEL    4   */
  72   1          if( level4_H == 1 )
  73   1          {
  74   2              level.level_info_L &= 0x3F;
  75   2              level.level_info_L |= 0XC0;
  76   2          }
  77   1          if(( level4_H == 0 ) && ( level.level4_down_flag == 0 ))
  78   1          {
  79   2              level.level_info_L &= 0x3F;
  80   2              level.level_info_L |= 0X80;
  81   2          }
  82   1          if(( level4_H == 0 ) && ( level.level4_down_flag == 1 ))
  83   1          {
  84   2              level.level_info_L &= 0x3F;
  85   2              level.level_info_L |= 0X40;
  86   2          }
  87   1          
  88   1          /*  LEVEL    5   */
  89   1          if( level5_H == 1 )
  90   1          {
  91   2              level.level_info_H &= 0xFC;
  92   2              level.level_info_H |= 0X03;
  93   2          }
  94   1          if(( level5_H == 0 ) && ( level.level5_down_flag == 0 ))
  95   1          {
  96   2              level.level_info_H &= 0xFC;
  97   2              level.level_info_H |= 0X02;
  98   2          }
  99   1          if(( level5_H == 0 ) && ( level.level5_down_flag == 1 ))
 100   1          {
 101   2              level.level_info_H &= 0xFC;
 102   2              level.level_info_H |= 0X01;
 103   2          }
 104   1          
 105   1          /*  LEVEL    6   */
 106   1          if( level6_H == 1 )
 107   1          {
 108   2              level.level_info_H &= 0xF3;
 109   2              level.level_info_H |= 0X0C;
 110   2          }
 111   1          if(( level6_H == 0 ) && ( level.level6_down_flag == 0 ))
 112   1          {
 113   2              level.level_info_H &= 0xF3;
 114   2              level.level_info_H |= 0X08;
 115   2          }
C51 COMPILER V9.60.7.0   LEVEL                                                             06/27/2025 11:26:42 PAGE 3   

 116   1          if(( level6_H == 0 ) && ( level.level6_down_flag == 1 ))
 117   1          {
 118   2              level.level_info_H &= 0xF3;
 119   2              level.level_info_H |= 0X04;
 120   2          }
 121   1          
 122   1          /*  LEVEL    7   */
 123   1          if( level7_H == 1 )
 124   1          {
 125   2              level.level_info_H &= 0xCF;
 126   2              level.level_info_H |= 0X30;
 127   2          }
 128   1          if(( level7_H == 0 ) && ( level.level7_down_flag == 0 ))
 129   1          {
 130   2              level.level_info_H &= 0xCF;
 131   2              level.level_info_H |= 0X20;
 132   2          }
 133   1          if(( level7_H == 0 ) && ( level.level7_down_flag == 1 ))
 134   1          {
 135   2              level.level_info_H &= 0xCF;
 136   2              level.level_info_H |= 0X10;
 137   2          }
 138   1      }


MODULE INFORMATION:   STATIC OVERLAYABLE
   CODE SIZE        =    396    ----
   CONSTANT SIZE    =   ----    ----
   XDATA SIZE       =     11    ----
   PDATA SIZE       =   ----    ----
   DATA SIZE        =   ----    ----
   IDATA SIZE       =   ----    ----
   BIT SIZE         =   ----    ----
END OF MODULE INFORMATION.


C51 COMPILATION COMPLETE.  0 WARNING(S),  0 ERROR(S)
