C51 COMPILER V9.60.7.0   UART                                                              06/27/2025 11:26:41 PAGE 1   


C51 COMPILER V9.60.7.0, COMPILATION OF MODULE UART
OBJECT MODULE PLACED IN ..\Output\uart.obj
COMPILER INVOKED BY: D:\APP\Keil_v5\C51\BIN\C51.EXE ..\Core\Src\uart.c LARGE OPTIMIZE(8,SPEED) BROWSE INCDIR(..\BSP\Inc;
                    -..\Core\Inc;..\Driver;..\Emembed\Inc;..\SYSTEM\Inc) DEBUG OBJECTEXTEND PRINT(.\Listings\uart.lst) OBJECT(..\Output\uart.
                    -obj)

line level    source

   1          /*
   2                  tim0:串口4不定长数据接收
   3                  tim1:移相斩波
   4                  tim2:串口1
   5                  tim3：
   6                  tim4:串口4
   7          */
   8          #include "uart.h"
   9          
  10          void Uart3_Init(void)   //115200bps@11.0592MHz
  11          {
  12   1              S3CON = 0x10;           //8位数据,可变波特率
  13   1              S3CON &= 0xBF;          //串口3选择定时器2为波特率发生器
  14   1      
  15   1              AUXR |= 0x04;           //定时器时钟1T模式
  16   1      
  17   1              T2L = 0xE8;                     //设置定时初始值
  18   1              T2H = 0xFF;                     //设置定时初始值
  19   1      
  20   1              AUXR |= 0x10;           //定时器2开始计时
  21   1      
  22   1              IE2      |= 0X08;
  23   1      }
  24          
  25          /**
  26           * @brief       串口4初始化函数--tim4    用作485通讯
  27           *
  28           * @param   
  29           *
  30           * @return  void
  31          **/
  32          void Uart4_Init(void)   //115200bps@11.0592MHz
  33          {
  34   1              S4CON  = 0x10;          //8位数据,可变波特率
  35   1              S4CON |= 0x40;          //串口4选择定时器4为波特率发生器
  36   1      
  37   1              T4T3M |= 0x20;          //定时器时钟1T模式
  38   1      
  39   1              T4L    = 0xE8;                  //设置定时初始值
  40   1              T4H    = 0xFF;                  //设置定时初始值
  41   1      
  42   1              T4T3M |= 0x80;          //定时器4开始计时
  43   1      
  44   1              IE2   |= 0X10;          //ES4 = 1
  45   1      }
  46          


MODULE INFORMATION:   STATIC OVERLAYABLE
   CODE SIZE        =     44    ----
   CONSTANT SIZE    =   ----    ----
   XDATA SIZE       =   ----    ----
   PDATA SIZE       =   ----    ----
C51 COMPILER V9.60.7.0   UART                                                              06/27/2025 11:26:41 PAGE 2   

   DATA SIZE        =   ----    ----
   IDATA SIZE       =   ----    ----
   BIT SIZE         =   ----    ----
END OF MODULE INFORMATION.


C51 COMPILATION COMPLETE.  0 WARNING(S),  0 ERROR(S)
